#
# There is insufficient memory for the Java Runtime Environment to continue.
# Native memory allocation (malloc) failed to allocate 1219792 bytes for Chunk::new
# Possible reasons:
#   The system is out of physical RAM or swap space
#   In 32 bit mode, the process size limit was hit
# Possible solutions:
#   Reduce memory load on the system
#   Increase physical memory or swap space
#   Check if swap backing store is full
#   Use 64 bit Java on a 64 bit OS
#   Decrease Java heap size (-Xmx/-Xms)
#   Decrease number of Java threads
#   Decrease Java thread stack sizes (-Xss)
#   Set larger code cache with -XX:ReservedCodeCacheSize=
# This output file may be truncated or incomplete.
#
#  Out of Memory Error (allocation.cpp:390), pid=6412, tid=5092
#
# JRE version: Java(TM) SE Runtime Environment (8.0_25-b18) (build 1.8.0_25-b18)
# Java VM: Java HotSpot(TM) 64-Bit Server VM (25.25-b02 mixed mode windows-amd64 compressed oops)
# Failed to write core dump. Minidumps are not enabled by default on client versions of Windows
#

---------------  T H R E A D  ---------------

Current thread (0x0000000014922000):  JavaThread "C2 CompilerThread0" daemon [_thread_in_native, id=5092, stack(0x0000000015ea0000,0x0000000015fa0000)]

Stack: [0x0000000015ea0000,0x0000000015fa0000]
Native frames: (J=compiled Java code, j=interpreted, Vv=VM code, C=native code)
V  [jvm.dll+0x31667a]
V  [jvm.dll+0x267073]
V  [jvm.dll+0x267cb3]
V  [jvm.dll+0x25f5b5]
V  [jvm.dll+0xbf165]
V  [jvm.dll+0xbf60c]
V  [jvm.dll+0x44af32]
V  [jvm.dll+0x4c06e5]
V  [jvm.dll+0x4c131f]
V  [jvm.dll+0x451121]
V  [jvm.dll+0x4538f8]
V  [jvm.dll+0x437372]
V  [jvm.dll+0x98a02]
V  [jvm.dll+0x991f3]
V  [jvm.dll+0x22bde4]
V  [jvm.dll+0x2852fa]
C  [msvcr100.dll+0x21d9f]
C  [msvcr100.dll+0x21e3b]
C  [KERNEL32.DLL+0x18102]
C  [ntdll.dll+0x5c2e4]


Current CompileTask:
C2:  31503 2303   !   4       com.android.dx.cf.code.BytecodeArray::parseInstruction (2764 bytes)


---------------  P R O C E S S  ---------------

Java Threads: ( => current thread )
  0x00000000162b6000 JavaThread "pool-1-thread-4" [_thread_blocked, id=4404, stack(0x00000000173a0000,0x00000000174a0000)]
  0x00000000162b5000 JavaThread "pool-1-thread-3" [_thread_blocked, id=1512, stack(0x00000000172a0000,0x00000000173a0000)]
  0x00000000162b4800 JavaThread "pool-1-thread-2" [_thread_blocked, id=3640, stack(0x00000000171a0000,0x00000000172a0000)]
  0x0000000016238800 JavaThread "pool-2-thread-1" [_thread_blocked, id=5540, stack(0x00000000170a0000,0x00000000171a0000)]
  0x0000000016238000 JavaThread "pool-1-thread-1" [_thread_blocked, id=6984, stack(0x0000000016fa0000,0x00000000170a0000)]
  0x0000000015fda000 JavaThread "Service Thread" daemon [_thread_blocked, id=5912, stack(0x00000000165a0000,0x00000000166a0000)]
  0x000000001497c800 JavaThread "C1 CompilerThread2" daemon [_thread_blocked, id=4768, stack(0x00000000164a0000,0x00000000165a0000)]
  0x0000000014979800 JavaThread "C2 CompilerThread1" daemon [_thread_blocked, id=5668, stack(0x00000000163a0000,0x00000000164a0000)]
=>0x0000000014922000 JavaThread "C2 CompilerThread0" daemon [_thread_in_native, id=5092, stack(0x0000000015ea0000,0x0000000015fa0000)]
  0x0000000014973800 JavaThread "Attach Listener" daemon [_thread_blocked, id=3720, stack(0x0000000015da0000,0x0000000015ea0000)]
  0x0000000014972800 JavaThread "Signal Dispatcher" daemon [_thread_blocked, id=2424, stack(0x0000000015ca0000,0x0000000015da0000)]
  0x0000000002240800 JavaThread "Finalizer" daemon [_thread_blocked, id=4476, stack(0x0000000015ba0000,0x0000000015ca0000)]
  0x000000000223d000 JavaThread "Reference Handler" daemon [_thread_blocked, id=5724, stack(0x0000000015aa0000,0x0000000015ba0000)]
  0x000000000050d800 JavaThread "main" [_thread_in_Java, id=3928, stack(0x0000000000730000,0x0000000000830000)]

Other Threads:
  0x00000000148e6000 VMThread [stack: 0x00000000159a0000,0x0000000015aa0000] [id=3116]
  0x0000000015fdd000 WatcherThread [stack: 0x00000000166a0000,0x00000000167a0000] [id=232]

VM state:not at safepoint (normal execution)

VM Mutex/Monitor currently owned by a thread: None

Heap:
 PSYoungGen      total 144896K, used 33159K [0x00000000eab00000, 0x00000000fa800000, 0x0000000100000000)
  eden space 123904K, 16% used [0x00000000eab00000,0x00000000ebeec310,0x00000000f2400000)
  from space 20992K, 60% used [0x00000000f2400000,0x00000000f30759b0,0x00000000f3880000)
  to   space 30208K, 0% used [0x00000000f8a80000,0x00000000f8a80000,0x00000000fa800000)
 ParOldGen       total 83456K, used 43796K [0x00000000c0000000, 0x00000000c5180000, 0x00000000eab00000)
  object space 83456K, 52% used [0x00000000c0000000,0x00000000c2ac53c8,0x00000000c5180000)
 Metaspace       used 6513K, capacity 7256K, committed 7424K, reserved 1056768K
  class space    used 617K, capacity 656K, committed 768K, reserved 1048576K

Card table byte_map: [0x0000000011610000,0x0000000011820000] byte_map_base: 0x0000000011010000

Marking Bits: (ParMarkBitMap*) 0x0000000061e6d490
 Begin Bits: [0x0000000011d80000, 0x0000000012d80000)
 End Bits:   [0x0000000012d80000, 0x0000000013d80000)

Polling page: 0x00000000004f0000

CodeCache: size=245760Kb used=11099Kb max_used=11117Kb free=234660Kb
 bounds [0x0000000002250000, 0x0000000002d40000, 0x0000000011250000]
 total_blobs=2488 nmethods=2223 adapters=178
 compilation: enabled

Compilation events (10 events):
Event: 31.147 Thread 0x0000000014922000 nmethod 2297 0x0000000002cfe310 code [0x0000000002cfe4c0, 0x0000000002cfeee8]
Event: 31.148 Thread 0x0000000014922000 2292       4       com.android.dx.cf.code.Frame::setImmutable (15 bytes)
Event: 31.149 Thread 0x0000000014922000 nmethod 2292 0x0000000002cd3a90 code [0x0000000002cd3be0, 0x0000000002cd3c98]
Event: 31.149 Thread 0x0000000014922000 2295       4       com.android.dx.cf.code.LineNumberList$Item::<init> (43 bytes)
Event: 31.149 Thread 0x0000000014922000 nmethod 2295 0x000000000235fad0 code [0x000000000235fc00, 0x000000000235fc98]
Event: 31.149 Thread 0x0000000014922000 2291       4       com.android.dx.dex.file.EncodedMethod::<init> (68 bytes)
Event: 31.152 Thread 0x0000000014922000 nmethod 2291 0x000000000235f690 code [0x000000000235f7e0, 0x000000000235f9b8]
Event: 31.152 Thread 0x0000000014922000 2293       4       com.android.dx.rop.cst.CstLiteral64::hashCode (15 bytes)
Event: 31.153 Thread 0x0000000014922000 nmethod 2293 0x000000000235f490 code [0x000000000235f5c0, 0x000000000235f638]
Event: 31.158 Thread 0x0000000014922000 2303   !   4       com.android.dx.cf.code.BytecodeArray::parseInstruction (2764 bytes)

GC Heap History (10 events):
Event: 18.724 GC heap before
{Heap before GC invocations=6 (full 0):
 PSYoungGen      total 35328K, used 35326K [0x00000000eab00000, 0x00000000efc00000, 0x0000000100000000)
  eden space 32768K, 100% used [0x00000000eab00000,0x00000000ecb00000,0x00000000ecb00000)
  from space 2560K, 99% used [0x00000000ecb00000,0x00000000ecd7f8a0,0x00000000ecd80000)
  to   space 8704K, 0% used [0x00000000ef380000,0x00000000ef380000,0x00000000efc00000)
 ParOldGen       total 44032K, used 11756K [0x00000000c0000000, 0x00000000c2b00000, 0x00000000eab00000)
  object space 44032K, 26% used [0x00000000c0000000,0x00000000c0b7b220,0x00000000c2b00000)
 Metaspace       used 6278K, capacity 7152K, committed 7296K, reserved 1056768K
  class space    used 597K, capacity 616K, committed 640K, reserved 1048576K
Event: 18.832 GC heap after
Heap after GC invocations=6 (full 0):
 PSYoungGen      total 73216K, used 8286K [0x00000000eab00000, 0x00000000efe00000, 0x0000000100000000)
  eden space 64512K, 0% used [0x00000000eab00000,0x00000000eab00000,0x00000000eea00000)
  from space 8704K, 95% used [0x00000000ef380000,0x00000000efb978b0,0x00000000efc00000)
  to   space 9728K, 0% used [0x00000000eea00000,0x00000000eea00000,0x00000000ef380000)
 ParOldGen       total 44032K, used 11756K [0x00000000c0000000, 0x00000000c2b00000, 0x00000000eab00000)
  object space 44032K, 26% used [0x00000000c0000000,0x00000000c0b7b220,0x00000000c2b00000)
 Metaspace       used 6278K, capacity 7152K, committed 7296K, reserved 1056768K
  class space    used 597K, capacity 616K, committed 640K, reserved 1048576K
}
Event: 20.860 GC heap before
{Heap before GC invocations=7 (full 0):
 PSYoungGen      total 73216K, used 72798K [0x00000000eab00000, 0x00000000efe00000, 0x0000000100000000)
  eden space 64512K, 100% used [0x00000000eab00000,0x00000000eea00000,0x00000000eea00000)
  from space 8704K, 95% used [0x00000000ef380000,0x00000000efb978b0,0x00000000efc00000)
  to   space 9728K, 0% used [0x00000000eea00000,0x00000000eea00000,0x00000000ef380000)
 ParOldGen       total 44032K, used 11756K [0x00000000c0000000, 0x00000000c2b00000, 0x00000000eab00000)
  object space 44032K, 26% used [0x00000000c0000000,0x00000000c0b7b220,0x00000000c2b00000)
 Metaspace       used 6384K, capacity 7216K, committed 7296K, reserved 1056768K
  class space    used 597K, capacity 616K, committed 640K, reserved 1048576K
Event: 20.997 GC heap after
Heap after GC invocations=7 (full 0):
 PSYoungGen      total 74240K, used 9725K [0x00000000eab00000, 0x00000000f4800000, 0x0000000100000000)
  eden space 64512K, 0% used [0x00000000eab00000,0x00000000eab00000,0x00000000eea00000)
  from space 9728K, 99% used [0x00000000eea00000,0x00000000ef37f5b0,0x00000000ef380000)
  to   space 15872K, 0% used [0x00000000f3880000,0x00000000f3880000,0x00000000f4800000)
 ParOldGen       total 44032K, used 20565K [0x00000000c0000000, 0x00000000c2b00000, 0x00000000eab00000)
  object space 44032K, 46% used [0x00000000c0000000,0x00000000c1415548,0x00000000c2b00000)
 Metaspace       used 6384K, capacity 7216K, committed 7296K, reserved 1056768K
  class space    used 597K, capacity 616K, committed 640K, reserved 1048576K
}
Event: 21.872 GC heap before
{Heap before GC invocations=8 (full 0):
 PSYoungGen      total 74240K, used 74237K [0x00000000eab00000, 0x00000000f4800000, 0x0000000100000000)
  eden space 64512K, 100% used [0x00000000eab00000,0x00000000eea00000,0x00000000eea00000)
  from space 9728K, 99% used [0x00000000eea00000,0x00000000ef37f5b0,0x00000000ef380000)
  to   space 15872K, 0% used [0x00000000f3880000,0x00000000f3880000,0x00000000f4800000)
 ParOldGen       total 44032K, used 20565K [0x00000000c0000000, 0x00000000c2b00000, 0x00000000eab00000)
  object space 44032K, 46% used [0x00000000c0000000,0x00000000c1415548,0x00000000c2b00000)
 Metaspace       used 6408K, capacity 7216K, committed 7296K, reserved 1056768K
  class space    used 597K, capacity 616K, committed 640K, reserved 1048576K
Event: 21.967 GC heap after
Heap after GC invocations=8 (full 0):
 PSYoungGen      total 139776K, used 15843K [0x00000000eab00000, 0x00000000f5200000, 0x0000000100000000)
  eden space 123904K, 0% used [0x00000000eab00000,0x00000000eab00000,0x00000000f2400000)
  from space 15872K, 99% used [0x00000000f3880000,0x00000000f47f8c10,0x00000000f4800000)
  to   space 20992K, 0% used [0x00000000f2400000,0x00000000f2400000,0x00000000f3880000)
 ParOldGen       total 44032K, used 25281K [0x00000000c0000000, 0x00000000c2b00000, 0x00000000eab00000)
  object space 44032K, 57% used [0x00000000c0000000,0x00000000c18b07c0,0x00000000c2b00000)
 Metaspace       used 6408K, capacity 7216K, committed 7296K, reserved 1056768K
  class space    used 597K, capacity 616K, committed 640K, reserved 1048576K
}
Event: 26.700 GC heap before
{Heap before GC invocations=9 (full 0):
 PSYoungGen      total 139776K, used 139747K [0x00000000eab00000, 0x00000000f5200000, 0x0000000100000000)
  eden space 123904K, 100% used [0x00000000eab00000,0x00000000f2400000,0x00000000f2400000)
  from space 15872K, 99% used [0x00000000f3880000,0x00000000f47f8c10,0x00000000f4800000)
  to   space 20992K, 0% used [0x00000000f2400000,0x00000000f2400000,0x00000000f3880000)
 ParOldGen       total 44032K, used 25281K [0x00000000c0000000, 0x00000000c2b00000, 0x00000000eab00000)
  object space 44032K, 57% used [0x00000000c0000000,0x00000000c18b07c0,0x00000000c2b00000)
 Metaspace       used 6510K, capacity 7256K, committed 7424K, reserved 1056768K
  class space    used 617K, capacity 656K, committed 768K, reserved 1048576K
Event: 26.846 GC heap after
Heap after GC invocations=9 (full 0):
 PSYoungGen      total 144896K, used 20977K [0x00000000eab00000, 0x00000000fa800000, 0x0000000100000000)
  eden space 123904K, 0% used [0x00000000eab00000,0x00000000eab00000,0x00000000f2400000)
  from space 20992K, 99% used [0x00000000f2400000,0x00000000f387c698,0x00000000f3880000)
  to   space 30208K, 0% used [0x00000000f8a80000,0x00000000f8a80000,0x00000000fa800000)
 ParOldGen       total 44032K, used 39393K [0x00000000c0000000, 0x00000000c2b00000, 0x00000000eab00000)
  object space 44032K, 89% used [0x00000000c0000000,0x00000000c2678430,0x00000000c2b00000)
 Metaspace       used 6510K, capacity 7256K, committed 7424K, reserved 1056768K
  class space    used 617K, capacity 656K, committed 768K, reserved 1048576K
}
Event: 26.846 GC heap before
{Heap before GC invocations=10 (full 1):
 PSYoungGen      total 144896K, used 20977K [0x00000000eab00000, 0x00000000fa800000, 0x0000000100000000)
  eden space 123904K, 0% used [0x00000000eab00000,0x00000000eab00000,0x00000000f2400000)
  from space 20992K, 99% used [0x00000000f2400000,0x00000000f387c698,0x00000000f3880000)
  to   space 30208K, 0% used [0x00000000f8a80000,0x00000000f8a80000,0x00000000fa800000)
 ParOldGen       total 44032K, used 39393K [0x00000000c0000000, 0x00000000c2b00000, 0x00000000eab00000)
  object space 44032K, 89% used [0x00000000c0000000,0x00000000c2678430,0x00000000c2b00000)
 Metaspace       used 6510K, capacity 7256K, committed 7424K, reserved 1056768K
  class space    used 617K, capacity 656K, committed 768K, reserved 1048576K
Event: 30.849 GC heap after
Heap after GC invocations=10 (full 1):
 PSYoungGen      total 144896K, used 12758K [0x00000000eab00000, 0x00000000fa800000, 0x0000000100000000)
  eden space 123904K, 0% used [0x00000000eab00000,0x00000000eab00000,0x00000000f2400000)
  from space 20992K, 60% used [0x00000000f2400000,0x00000000f30759b0,0x00000000f3880000)
  to   space 30208K, 0% used [0x00000000f8a80000,0x00000000f8a80000,0x00000000fa800000)
 ParOldGen       total 83456K, used 43796K [0x00000000c0000000, 0x00000000c5180000, 0x00000000eab00000)
  object space 83456K, 52% used [0x00000000c0000000,0x00000000c2ac53c8,0x00000000c5180000)
 Metaspace       used 6510K, capacity 7256K, committed 7424K, reserved 1056768K
  class space    used 617K, capacity 656K, committed 768K, reserved 1048576K
}

Deoptimization events (10 events):
Event: 26.341 Thread 0x00000000162b4800 Uncommon trap: reason=bimorphic action=maybe_recompile pc=0x0000000002c90948 method=com.android.dx.cf.code.BytecodeArray.parseInstruction(ILcom/android/dx/cf/code/BytecodeArray$Visitor;)I @ 971
Event: 26.341 Thread 0x00000000162b4800 Uncommon trap: reason=bimorphic action=maybe_recompile pc=0x0000000002c909d4 method=com.android.dx.cf.code.BytecodeArray.parseInstruction(ILcom/android/dx/cf/code/BytecodeArray$Visitor;)I @ 987
Event: 26.341 Thread 0x00000000162b4800 Uncommon trap: reason=bimorphic action=maybe_recompile pc=0x0000000002c90b9c method=com.android.dx.cf.code.BytecodeArray.parseInstruction(ILcom/android/dx/cf/code/BytecodeArray$Visitor;)I @ 1051
Event: 26.342 Thread 0x00000000162b4800 Uncommon trap: reason=bimorphic action=maybe_recompile pc=0x0000000002c90b18 method=com.android.dx.cf.code.BytecodeArray.parseInstruction(ILcom/android/dx/cf/code/BytecodeArray$Visitor;)I @ 1035
Event: 26.342 Thread 0x00000000162b4800 Uncommon trap: reason=class_check action=maybe_recompile pc=0x0000000002a0d9bc method=com.android.dx.cf.code.Ropper.processBlock(Lcom/android/dx/cf/code/ByteBlock;Lcom/android/dx/cf/code/Frame;[I)V @ 777
Event: 26.343 Thread 0x00000000162b4800 Uncommon trap: reason=class_check action=maybe_recompile pc=0x0000000002a0d9bc method=com.android.dx.cf.code.Ropper.processBlock(Lcom/android/dx/cf/code/ByteBlock;Lcom/android/dx/cf/code/Frame;[I)V @ 777
Event: 26.350 Thread 0x0000000016238000 Uncommon trap: reason=class_check action=maybe_recompile pc=0x0000000002a0d9bc method=com.android.dx.cf.code.Ropper.processBlock(Lcom/android/dx/cf/code/ByteBlock;Lcom/android/dx/cf/code/Frame;[I)V @ 777
Event: 30.953 Thread 0x000000000050d800 Uncommon trap: reason=unreached action=reinterpret pc=0x0000000002c59084 method=com.android.dx.cf.direct.StdAttributeFactory.parse0(Lcom/android/dx/cf/direct/DirectClassFile;ILjava/lang/String;IILcom/android/dx/cf/iface/ParseObserver;)Lcom/android/dx/cf/ifÄ|Z@y?@
Event: 31.006 Thread 0x0000000016238000 Uncommon trap: reason=class_check action=maybe_recompile pc=0x0000000002d02988 method=com.android.dx.cf.code.BytecodeArray.parseInstruction(ILcom/android/dx/cf/code/BytecodeArray$Visitor;)I @ 1777
Event: 31.154 Thread 0x00000000162b5000 Uncommon trap: reason=class_check action=maybe_recompile pc=0x0000000002d02988 method=com.android.dx.cf.code.BytecodeArray.parseInstruction(ILcom/android/dx/cf/code/BytecodeArray$Visitor;)I @ 1777

Internal exceptions (10 events):
Event: 7.634 Thread 0x000000000050d800 Exception <a 'java/security/PrivilegedActionException'> (0x00000000eb4efc30) thrown at [D:\re\workspace\8-2-build-windows-amd64-cygwin\jdk8u25\1677\hotspot\src\share\vm\prims\jvm.cpp, line 1312]
Event: 8.088 Thread 0x00000000162b5000 Exception <a 'java/security/PrivilegedActionException'> (0x00000000eaf68d28) thrown at [D:\re\workspace\8-2-build-windows-amd64-cygwin\jdk8u25\1677\hotspot\src\share\vm\prims\jvm.cpp, line 1312]
Event: 13.109 Thread 0x000000000050d800 Exception <a 'java/security/PrivilegedActionException'> (0x00000000ebfc82c0) thrown at [D:\re\workspace\8-2-build-windows-amd64-cygwin\jdk8u25\1677\hotspot\src\share\vm\prims\jvm.cpp, line 1312]
Event: 15.171 Thread 0x000000000050d800 Exception <a 'java/security/PrivilegedActionException'> (0x00000000eaed9958) thrown at [D:\re\workspace\8-2-build-windows-amd64-cygwin\jdk8u25\1677\hotspot\src\share\vm\prims\jvm.cpp, line 1312]
Event: 15.183 Thread 0x00000000162b4800 Exception <a 'java/security/PrivilegedActionException'> (0x00000000eb32ea50) thrown at [D:\re\workspace\8-2-build-windows-amd64-cygwin\jdk8u25\1677\hotspot\src\share\vm\prims\jvm.cpp, line 1312]
Event: 21.105 Thread 0x00000000162b6000 Implicit null exception at 0x0000000002852dec to 0x00000000028541f9
Event: 23.862 Thread 0x000000000050d800 Exception <a 'java/security/PrivilegedActionException'> (0x00000000eabfd2d8) thrown at [D:\re\workspace\8-2-build-windows-amd64-cygwin\jdk8u25\1677\hotspot\src\share\vm\prims\jvm.cpp, line 1312]
Event: 25.359 Thread 0x00000000162b4800 Exception <a 'java/lang/ArrayIndexOutOfBoundsException': 18> (0x00000000ec9394c8) thrown at [D:\re\workspace\8-2-build-windows-amd64-cygwin\jdk8u25\1677\hotspot\src\share\vm\interpreter\interpreterRuntime.cpp, line 366]
Event: 25.360 Thread 0x00000000162b4800 Exception <a 'java/lang/ArrayIndexOutOfBoundsException'> (0x00000000ec93af60) thrown at [D:\re\workspace\8-2-build-windows-amd64-cygwin\jdk8u25\1677\hotspot\src\share\vm\runtime\sharedRuntime.cpp, line 604]
Event: 25.361 Thread 0x00000000162b4800 Exception <a 'java/lang/ArrayIndexOutOfBoundsException'> (0x00000000ec93c178) thrown at [D:\re\workspace\8-2-build-windows-amd64-cygwin\jdk8u25\1677\hotspot\src\share\vm\runtime\sharedRuntime.cpp, line 604]

Events (10 events):
Event: 30.849 Executing VM operation: ParallelGCFailedAllocation done
Event: 30.953 Thread 0x000000000050d800 Uncommon trap: trap_request=0xffffffad fr.pc=0x0000000002c59084
Event: 30.953 Thread 0x000000000050d800 DEOPT PACKING pc=0x0000000002c59084 sp=0x000000000082e9c0
Event: 30.953 Thread 0x000000000050d800 DEOPT UNPACKING pc=0x000000000229556a sp=0x000000000082e978 mode 2
Event: 31.006 Thread 0x0000000016238000 Uncommon trap: trap_request=0xffffffde fr.pc=0x0000000002d02988
Event: 31.006 Thread 0x0000000016238000 DEOPT PACKING pc=0x0000000002d02988 sp=0x000000001709e870
Event: 31.006 Thread 0x0000000016238000 DEOPT UNPACKING pc=0x000000000229556a sp=0x000000001709e7f8 mode 2
Event: 31.154 Thread 0x00000000162b5000 Uncommon trap: trap_request=0xffffffde fr.pc=0x0000000002d02988
Event: 31.154 Thread 0x00000000162b5000 DEOPT PACKING pc=0x0000000002d02988 sp=0x000000001739e6c0
Event: 31.154 Thread 0x00000000162b5000 DEOPT UNPACKING pc=0x000000000229556a sp=0x000000001739e648 mode 2


Dynamic libraries:
0x00007ff7d8500000 - 0x00007ff7d8534000 	C:\Program Files\Java\jdk1.8.0_25\bin\java.exe
0x00007ff845eb0000 - 0x00007ff846071000 	C:\WINDOWS\SYSTEM32\ntdll.dll
0x00007ff845270000 - 0x00007ff84531d000 	C:\WINDOWS\system32\KERNEL32.DLL
0x00007ff842fa0000 - 0x00007ff843188000 	C:\WINDOWS\system32\KERNELBASE.dll
0x00007ff844ba0000 - 0x00007ff844c47000 	C:\WINDOWS\system32\ADVAPI32.dll
0x00007ff843380000 - 0x00007ff84341d000 	C:\WINDOWS\system32\msvcrt.dll
0x00007ff845b60000 - 0x00007ff845bbb000 	C:\WINDOWS\system32\sechost.dll
0x00007ff8450a0000 - 0x00007ff8451bc000 	C:\WINDOWS\system32\RPCRT4.dll
0x00007ff844f40000 - 0x00007ff845096000 	C:\WINDOWS\system32\USER32.dll
0x00007ff844c50000 - 0x00007ff844dd6000 	C:\WINDOWS\system32\GDI32.dll
0x00007ff838a30000 - 0x00007ff838ca4000 	C:\WINDOWS\WinSxS\amd64_microsoft.windows.common-controls_6595b64144ccf1df_6.0.10586.0_none_8c15ae12515e1c22\COMCTL32.dll
0x00007ff845c30000 - 0x00007ff845ead000 	C:\WINDOWS\system32\combase.dll
0x00007ff843240000 - 0x00007ff8432aa000 	C:\WINDOWS\system32\bcryptPrimitives.dll
0x00007ff845410000 - 0x00007ff84544b000 	C:\WINDOWS\system32\IMM32.DLL
0x0000000061210000 - 0x00000000612e2000 	C:\Program Files\Java\jdk1.8.0_25\jre\bin\msvcr100.dll
0x0000000061690000 - 0x0000000061eea000 	C:\Program Files\Java\jdk1.8.0_25\jre\bin\server\jvm.dll
0x00007ff845400000 - 0x00007ff845408000 	C:\WINDOWS\system32\PSAPI.DLL
0x00007ff8401b0000 - 0x00007ff8401b9000 	C:\WINDOWS\SYSTEM32\WSOCK32.dll
0x00007ff845390000 - 0x00007ff8453fb000 	C:\WINDOWS\system32\WS2_32.dll
0x00007ff838f50000 - 0x00007ff838f73000 	C:\WINDOWS\SYSTEM32\WINMM.dll
0x00007ff838e80000 - 0x00007ff838eac000 	C:\WINDOWS\SYSTEM32\WINMMBASE.dll
0x00007ff842560000 - 0x00007ff8425a3000 	C:\WINDOWS\system32\cfgmgr32.dll
0x0000000061680000 - 0x000000006168f000 	C:\Program Files\Java\jdk1.8.0_25\jre\bin\verify.dll
0x0000000061650000 - 0x0000000061678000 	C:\Program Files\Java\jdk1.8.0_25\jre\bin\java.dll
0x0000000061630000 - 0x0000000061646000 	C:\Program Files\Java\jdk1.8.0_25\jre\bin\zip.dll
0x00007ff843570000 - 0x00007ff844acf000 	C:\WINDOWS\system32\SHELL32.dll
0x00007ff842800000 - 0x00007ff842e44000 	C:\WINDOWS\system32\windows.storage.dll
0x00007ff844ae0000 - 0x00007ff844b32000 	C:\WINDOWS\system32\shlwapi.dll
0x00007ff842530000 - 0x00007ff84253f000 	C:\WINDOWS\system32\kernel.appcore.dll
0x00007ff842e50000 - 0x00007ff842f05000 	C:\WINDOWS\system32\shcore.dll
0x00007ff8424d0000 - 0x00007ff84251b000 	C:\WINDOWS\system32\powrprof.dll
0x00007ff842540000 - 0x00007ff842554000 	C:\WINDOWS\system32\profapi.dll
0x00007ff82dae0000 - 0x00007ff82dc6c000 	C:\WINDOWS\SYSTEM32\dbghelp.dll

VM Arguments:
jvm_args: -Djava.awt.headless=true -Xmx1024M -Dfile.encoding=windows-1258 -Duser.country=US -Duser.language=en -Duser.variant 
java_command: com.android.dx.command.Main --dex --num-threads=4 --output E:\AndroidStudioProjects\Karaoke_Search\app\build\intermediates\pre-dexed\debug\com.android.support-support-v4-23.1.1_6511943825f1b3fdff9c37a88fad775dc4d0a878.jar E:\AndroidStudioProjects\Karaoke_Search\app\build\intermediates\exploded-aar\com.android.support\support-v4\23.1.1\jars\classes.jar
java_class_path (initial): E:\Android\sdk\build-tools\23.0.2\lib\dx.jar
Launcher Type: SUN_STANDARD

Environment Variables:
JAVA_HOME=C:\Program Files\Java\jdk1.8.0_25
PATH=C:\ProgramData\Oracle\Java\javapath;C:\WINDOWS\system32;C:\WINDOWS;C:\WINDOWS\System32\Wbem;C:\WINDOWS\System32\WindowsPowerShell\v1.0\;C:\Program Files (x86)\ATI Technologies\ATI.ACE\Core-Static;C:\Program Files\Java\jdk1.8.0_25\bin;.;
USERNAME=hientran
OS=Windows_NT
PROCESSOR_IDENTIFIER=Intel64 Family 6 Model 42 Stepping 7, GenuineIntel



---------------  S Y S T E M  ---------------

OS: Windows 8.1 , 64 bit Build 9600 

CPU:total 4 (2 cores per cpu, 2 threads per core) family 6 model 42 stepping 7, cmov, cx8, fxsr, mmx, sse, sse2, sse3, ssse3, sse4.1, sse4.2, popcnt, avx, aes, clmul, ht, tsc, tscinvbit

Memory: 4k page, physical 4099972k(357676k free), swap 5529476k(12472k free)

vm_info: Java HotSpot(TM) 64-Bit Server VM (25.25-b02) for windows-amd64 JRE (1.8.0_25-b18), built on Oct  7 2014 14:25:37 by "java_re" with MS VC++ 10.0 (VS2010)

time: Thu Feb 04 23:14:56 2016
elapsed time: 31 seconds (0d 0h 0m 31s)

