#
# There is insufficient memory for the Java Runtime Environment to continue.
# Native memory allocation (malloc) failed to allocate 1256848 bytes for Chunk::new
# Possible reasons:
#   The system is out of physical RAM or swap space
#   In 32 bit mode, the process size limit was hit
# Possible solutions:
#   Reduce memory load on the system
#   Increase physical memory or swap space
#   Check if swap backing store is full
#   Use 64 bit Java on a 64 bit OS
#   Decrease Java heap size (-Xmx/-Xms)
#   Decrease number of Java threads
#   Decrease Java thread stack sizes (-Xss)
#   Set larger code cache with -XX:ReservedCodeCacheSize=
# This output file may be truncated or incomplete.
#
#  Out of Memory Error (allocation.cpp:323), pid=5796, tid=5988
#
# JRE version: Java(TM) SE Runtime Environment (7.0_79-b15) (build 1.7.0_79-b15)
# Java VM: Java HotSpot(TM) 64-Bit Server VM (24.79-b02 mixed mode windows-amd64 compressed oops)
# Failed to write core dump. Minidumps are not enabled by default on client versions of Windows
#

---------------  T H R E A D  ---------------

Current thread (0x000000000817c000):  JavaThread "C2 CompilerThread0" daemon [_thread_in_native, id=5988, stack(0x00000000096e0000,0x00000000097e0000)]

Stack: [0x00000000096e0000,0x00000000097e0000]

Current CompileTask:
C2:   8169  447   !         com.android.dx.cf.code.BytecodeArray::parseInstruction (2764 bytes)


---------------  P R O C E S S  ---------------

Java Threads: ( => current thread )
  0x0000000009c98000 JavaThread "pool-1-thread-4" [_thread_in_Java, id=2448, stack(0x000000000a2e0000,0x000000000a3e0000)]
  0x0000000009c97000 JavaThread "pool-1-thread-3" [_thread_in_vm, id=288, stack(0x000000000a1e0000,0x000000000a2e0000)]
  0x0000000009c96800 JavaThread "pool-1-thread-2" [_thread_in_Java, id=5996, stack(0x000000000a0e0000,0x000000000a1e0000)]
  0x0000000009b91800 JavaThread "pool-2-thread-1" [_thread_blocked, id=5900, stack(0x0000000009fe0000,0x000000000a0e0000)]
  0x0000000009c6a800 JavaThread "pool-1-thread-1" [_thread_blocked, id=6008, stack(0x0000000009ee0000,0x0000000009fe0000)]
  0x0000000008193000 JavaThread "Service Thread" daemon [_thread_blocked, id=2196, stack(0x00000000098e0000,0x00000000099e0000)]
  0x000000000817d800 JavaThread "C2 CompilerThread1" daemon [_thread_blocked, id=3976, stack(0x00000000097e0000,0x00000000098e0000)]
=>0x000000000817c000 JavaThread "C2 CompilerThread0" daemon [_thread_in_native, id=5988, stack(0x00000000096e0000,0x00000000097e0000)]
  0x000000000817b000 JavaThread "Attach Listener" daemon [_thread_blocked, id=6128, stack(0x00000000095e0000,0x00000000096e0000)]
  0x0000000008177000 JavaThread "Signal Dispatcher" daemon [_thread_blocked, id=2528, stack(0x00000000094e0000,0x00000000095e0000)]
  0x0000000008139800 JavaThread "Finalizer" daemon [_thread_blocked, id=2564, stack(0x00000000093e0000,0x00000000094e0000)]
  0x0000000008136000 JavaThread "Reference Handler" daemon [_thread_blocked, id=3564, stack(0x00000000092e0000,0x00000000093e0000)]
  0x000000000229d800 JavaThread "main" [_thread_blocked, id=5240, stack(0x00000000020f0000,0x00000000021f0000)]

Other Threads:
  0x0000000008131000 VMThread [stack: 0x00000000091e0000,0x00000000092e0000] [id=6976]
  0x000000000819d800 WatcherThread [stack: 0x00000000099e0000,0x0000000009ae0000] [id=4068]

VM state:not at safepoint (normal execution)

VM Mutex/Monitor currently owned by a thread: None

Heap
 PSYoungGen      total 35328K, used 29048K [0x00000000eaa80000, 0x00000000ecf80000, 0x0000000100000000)
  eden space 32768K, 80% used [0x00000000eaa80000,0x00000000ec466210,0x00000000eca80000)
  from space 2560K, 98% used [0x00000000eca80000,0x00000000eccf8048,0x00000000ecd00000)
  to   space 2560K, 0% used [0x00000000ecd00000,0x00000000ecd00000,0x00000000ecf80000)
 ParOldGen       total 42496K, used 7698K [0x00000000c0000000, 0x00000000c2980000, 0x00000000eaa80000)
  object space 42496K, 18% used [0x00000000c0000000,0x00000000c0784bb0,0x00000000c2980000)
 PSPermGen       total 21504K, used 5981K [0x00000000bae00000, 0x00000000bc300000, 0x00000000c0000000)
  object space 21504K, 27% used [0x00000000bae00000,0x00000000bb3d7720,0x00000000bc300000)

Card table byte_map: [0x00000000053a0000,0x00000000055d0000] byte_map_base: 0x0000000004dc9000

Polling page: 0x0000000000510000

Code Cache  [0x00000000023a0000, 0x0000000002610000, 0x00000000053a0000)
 total_blobs=682 nmethods=445 adapters=189 free_code_cache=47269Kb largest_free_block=48337728

Compilation events (10 events):
Event: 8.027 Thread 0x000000000817c000  443             com.android.dx.rop.type.Type::compareTo (9 bytes)
Event: 8.028 Thread 0x000000000817c000 nmethod 443 0x000000000241c010 code [0x000000000241c160, 0x000000000241c2d8]
Event: 8.052 Thread 0x000000000817c000  444             com.android.dx.util.IntList::shrink (42 bytes)
Event: 8.053 Thread 0x000000000817c000 nmethod 444 0x0000000002428f50 code [0x0000000002429080, 0x0000000002429118]
Event: 8.056 Thread 0x000000000817c000  445             com.android.dx.dex.code.RopTranslator$TranslationVisitor::visitPlainInsn (161 bytes)
Event: 8.064 Thread 0x000000000817c000 nmethod 445 0x0000000002553610 code [0x00000000025537c0, 0x0000000002553c50]
Event: 8.065 Thread 0x000000000817c000  446             com.android.dx.dex.code.RopTranslator$LocalVariableAwareTranslationVisitor::visitPlainInsn (11 bytes)
Event: 8.065 Thread 0x000000000817c000 nmethod 446 0x000000000241bc90 code [0x000000000241bde0, 0x000000000241be78]
Event: 8.067 Thread 0x000000000817c000  447   !         com.android.dx.cf.code.BytecodeArray::parseInstruction (2764 bytes)
Event: 8.115 Thread 0x000000000817d800 nmethod 441 0x0000000002580010 code [0x0000000002580400, 0x0000000002582eb0]

GC Heap History (6 events):
Event: 3.113 GC heap before
{Heap before GC invocations=1 (full 0):
 PSYoungGen      total 18944K, used 16384K [0x00000000eaa80000, 0x00000000ebf80000, 0x0000000100000000)
  eden space 16384K, 100% used [0x00000000eaa80000,0x00000000eba80000,0x00000000eba80000)
  from space 2560K, 0% used [0x00000000ebd00000,0x00000000ebd00000,0x00000000ebf80000)
  to   space 2560K, 0% used [0x00000000eba80000,0x00000000eba80000,0x00000000ebd00000)
 ParOldGen       total 42496K, used 0K [0x00000000c0000000, 0x00000000c2980000, 0x00000000eaa80000)
  object space 42496K, 0% used [0x00000000c0000000,0x00000000c0000000,0x00000000c2980000)
 PSPermGen       total 21504K, used 5569K [0x00000000bae00000, 0x00000000bc300000, 0x00000000c0000000)
  object space 21504K, 25% used [0x00000000bae00000,0x00000000bb3707b8,0x00000000bc300000)
Event: 3.262 GC heap after
Heap after GC invocations=1 (full 0):
 PSYoungGen      total 18944K, used 2544K [0x00000000eaa80000, 0x00000000ecf80000, 0x0000000100000000)
  eden space 16384K, 0% used [0x00000000eaa80000,0x00000000eaa80000,0x00000000eba80000)
  from space 2560K, 99% used [0x00000000eba80000,0x00000000ebcfc3b0,0x00000000ebd00000)
  to   space 2560K, 0% used [0x00000000ecd00000,0x00000000ecd00000,0x00000000ecf80000)
 ParOldGen       total 42496K, used 700K [0x00000000c0000000, 0x00000000c2980000, 0x00000000eaa80000)
  object space 42496K, 1% used [0x00000000c0000000,0x00000000c00af350,0x00000000c2980000)
 PSPermGen       total 21504K, used 5569K [0x00000000bae00000, 0x00000000bc300000, 0x00000000c0000000)
  object space 21504K, 25% used [0x00000000bae00000,0x00000000bb3707b8,0x00000000bc300000)
}
Event: 4.506 GC heap before
{Heap before GC invocations=2 (full 0):
 PSYoungGen      total 18944K, used 18928K [0x00000000eaa80000, 0x00000000ecf80000, 0x0000000100000000)
  eden space 16384K, 100% used [0x00000000eaa80000,0x00000000eba80000,0x00000000eba80000)
  from space 2560K, 99% used [0x00000000eba80000,0x00000000ebcfc3b0,0x00000000ebd00000)
  to   space 2560K, 0% used [0x00000000ecd00000,0x00000000ecd00000,0x00000000ecf80000)
 ParOldGen       total 42496K, used 700K [0x00000000c0000000, 0x00000000c2980000, 0x00000000eaa80000)
  object space 42496K, 1% used [0x00000000c0000000,0x00000000c00af350,0x00000000c2980000)
 PSPermGen       total 21504K, used 5801K [0x00000000bae00000, 0x00000000bc300000, 0x00000000c0000000)
  object space 21504K, 26% used [0x00000000bae00000,0x00000000bb3aa608,0x00000000bc300000)
Event: 4.514 GC heap after
Heap after GC invocations=2 (full 0):
 PSYoungGen      total 35328K, used 2544K [0x00000000eaa80000, 0x00000000ecf80000, 0x0000000100000000)
  eden space 32768K, 0% used [0x00000000eaa80000,0x00000000eaa80000,0x00000000eca80000)
  from space 2560K, 99% used [0x00000000ecd00000,0x00000000ecf7c038,0x00000000ecf80000)
  to   space 2560K, 0% used [0x00000000eca80000,0x00000000eca80000,0x00000000ecd00000)
 ParOldGen       total 42496K, used 2483K [0x00000000c0000000, 0x00000000c2980000, 0x00000000eaa80000)
  object space 42496K, 5% used [0x00000000c0000000,0x00000000c026ccb0,0x00000000c2980000)
 PSPermGen       total 21504K, used 5801K [0x00000000bae00000, 0x00000000bc300000, 0x00000000c0000000)
  object space 21504K, 26% used [0x00000000bae00000,0x00000000bb3aa608,0x00000000bc300000)
}
Event: 6.734 GC heap before
{Heap before GC invocations=3 (full 0):
 PSYoungGen      total 35328K, used 35312K [0x00000000eaa80000, 0x00000000ecf80000, 0x0000000100000000)
  eden space 32768K, 100% used [0x00000000eaa80000,0x00000000eca80000,0x00000000eca80000)
  from space 2560K, 99% used [0x00000000ecd00000,0x00000000ecf7c038,0x00000000ecf80000)
  to   space 2560K, 0% used [0x00000000eca80000,0x00000000eca80000,0x00000000ecd00000)
 ParOldGen       total 42496K, used 2483K [0x00000000c0000000, 0x00000000c2980000, 0x00000000eaa80000)
  object space 42496K, 5% used [0x00000000c0000000,0x00000000c026ccb0,0x00000000c2980000)
 PSPermGen       total 21504K, used 5941K [0x00000000bae00000, 0x00000000bc300000, 0x00000000c0000000)
  object space 21504K, 27% used [0x00000000bae00000,0x00000000bb3cd480,0x00000000bc300000)
Event: 6.885 GC heap after
Heap after GC invocations=3 (full 0):
 PSYoungGen      total 35328K, used 2528K [0x00000000eaa80000, 0x00000000ecf80000, 0x0000000100000000)
  eden space 32768K, 0% used [0x00000000eaa80000,0x00000000eaa80000,0x00000000eca80000)
  from space 2560K, 98% used [0x00000000eca80000,0x00000000eccf8048,0x00000000ecd00000)
  to   space 2560K, 0% used [0x00000000ecd00000,0x00000000ecd00000,0x00000000ecf80000)
 ParOldGen       total 42496K, used 7698K [0x00000000c0000000, 0x00000000c2980000, 0x00000000eaa80000)
  object space 42496K, 18% used [0x00000000c0000000,0x00000000c0784bb0,0x00000000c2980000)
 PSPermGen       total 21504K, used 5941K [0x00000000bae00000, 0x00000000bc300000, 0x00000000c0000000)
  object space 21504K, 27% used [0x00000000bae00000,0x00000000bb3cd480,0x00000000bc300000)
}

Deoptimization events (10 events):
Event: 5.116 Thread 0x000000000229d800 Uncommon trap: reason=null_check action=make_not_entrant pc=0x0000000002481624 method=com.android.dx.rop.type.Type.putIntern(Lcom/android/dx/rop/type/Type;)Lcom/android/dx/rop/type/Type; @ 18
Event: 6.181 Thread 0x0000000009c97000 Uncommon trap: reason=unreached action=reinterpret pc=0x00000000024e34ac method=com.android.dx.cf.code.BytecodeArray.parseInstruction(ILcom/android/dx/cf/code/BytecodeArray$Visitor;)I @ 1198
Event: 6.577 Thread 0x0000000009c97000 Uncommon trap: reason=null_check action=make_not_entrant pc=0x0000000002518ccc method=com.android.dx.dex.file.MethodIdsSection.intern(Lcom/android/dx/rop/cst/CstBaseMethodRef;)Lcom/android/dx/dex/file/MethodIdItem; @ 26
Event: 6.679 Thread 0x0000000009c97000 Uncommon trap: reason=class_check action=maybe_recompile pc=0x0000000002524a2c method=com.android.dx.ssa.SCCP.replaceConstants()V @ 127
Event: 6.917 Thread 0x0000000009c96800 Uncommon trap: reason=class_check action=maybe_recompile pc=0x0000000002464630 method=java.util.HashMap.put(Ljava/lang/Object;Ljava/lang/Object;)Ljava/lang/Object; @ 83
Event: 7.220 Thread 0x0000000009c97000 Uncommon trap: reason=null_check action=make_not_entrant pc=0x00000000024d2630 method=com.android.dx.ssa.SsaRenamer.getLocalForNewReg(I)Lcom/android/dx/rop/code/LocalItem; @ 19
Event: 8.006 Thread 0x0000000009c6a800 Uncommon trap: reason=bimorphic action=maybe_recompile pc=0x0000000002559ec4 method=com.android.dx.cf.code.RopperMachine.run(Lcom/android/dx/cf/code/Frame;II)V @ 988
Event: 8.008 Thread 0x0000000009c6a800 Uncommon trap: reason=unreached action=reinterpret pc=0x0000000002470058 method=com.android.dx.ssa.SCCP.simulateBranch(Lcom/android/dx/ssa/SsaInsn;)V @ 132
Event: 8.008 Thread 0x0000000009c6a800 Uncommon trap: reason=unloaded action=reinterpret pc=0x00000000024f00bc method=com.android.dx.ssa.LiteralOpUpgrader$1.visitNonMoveInsn(Lcom/android/dx/ssa/NormalSsaInsn;)V @ 72
Event: 8.025 Thread 0x0000000009c98000 Uncommon trap: reason=null_check action=make_not_entrant pc=0x0000000002570684 method=com.android.dx.dex.file.FieldIdsSection.intern(Lcom/android/dx/rop/cst/CstFieldRef;)Lcom/android/dx/dex/file/FieldIdItem; @ 26

Internal exceptions (10 events):
Event: 5.127 Thread 0x000000000229d800 Threw 0x00000000eb18d4d0 at C:\re\jdk7u79\2331\hotspot\src\share\vm\prims\jvm.cpp:1304
Event: 5.128 Thread 0x000000000229d800 Threw 0x00000000eb192a60 at C:\re\jdk7u79\2331\hotspot\src\share\vm\prims\jvm.cpp:1304
Event: 5.149 Thread 0x000000000229d800 Threw 0x00000000eb1d0ff8 at C:\re\jdk7u79\2331\hotspot\src\share\vm\prims\jvm.cpp:1304
Event: 6.353 Thread 0x0000000009c6a800 Threw 0x00000000ec84dcd0 at C:\re\jdk7u79\2331\hotspot\src\share\vm\prims\jvm.cpp:1304
Event: 6.577 Thread 0x0000000009c97000 Implicit null exception at 0x000000000251838c to 0x0000000002518cbd
Event: 7.187 Thread 0x000000000229d800 Threw 0x00000000eb417e60 at C:\re\jdk7u79\2331\hotspot\src\share\vm\prims\jvm.cpp:1304
Event: 7.187 Thread 0x000000000229d800 Threw 0x00000000eb41a080 at C:\re\jdk7u79\2331\hotspot\src\share\vm\prims\jvm.cpp:1304
Event: 7.220 Thread 0x0000000009c97000 Implicit null exception at 0x00000000024d129e to 0x00000000024d25f9
Event: 7.220 Thread 0x0000000009c97000 Threw 0x00000000eb5d5bd8 at C:\re\jdk7u79\2331\hotspot\src\share\vm\prims\jvm.cpp:1304
Event: 8.008 Thread 0x0000000009c6a800 Threw 0x00000000ebc62a08 at C:\re\jdk7u79\2331\hotspot\src\share\vm\prims\jvm.cpp:1304

Events (10 events):
Event: 8.008 loading class 0x0000000009d32c40 done
Event: 8.009 Thread 0x0000000009c6a800 DEOPT PACKING pc=0x00000000024f00bc sp=0x0000000009fded20
Event: 8.009 Thread 0x0000000009c6a800 DEOPT UNPACKING pc=0x00000000023d75a4 sp=0x0000000009fdecc8 mode 2
Event: 8.018 Thread 0x000000000817c000 flushing nmethod 0x000000000241bc90
Event: 8.025 Thread 0x0000000009c98000 Uncommon trap: trap_request=0xfffffff4 fr.pc=0x0000000002570684
Event: 8.025 Thread 0x0000000009c98000 DEOPT PACKING pc=0x0000000002570684 sp=0x000000000a3df290
Event: 8.025 Thread 0x0000000009c98000 DEOPT UNPACKING pc=0x00000000023d75a4 sp=0x000000000a3df1e8 mode 2
Event: 8.027 Thread 0x000000000817c000 flushing nmethod 0x0000000002425650
Event: 8.028 Thread 0x000000000817c000 flushing nmethod 0x0000000002428f50
Event: 8.066 Thread 0x000000000817c000 flushing nmethod 0x0000000002459e90


Dynamic libraries:
0x00007ff66a530000 - 0x00007ff66a563000 	C:\Program Files\Java\jdk1.7.0_79\bin\java.exe
0x00007ff845eb0000 - 0x00007ff846071000 	C:\WINDOWS\SYSTEM32\ntdll.dll
0x00007ff845270000 - 0x00007ff84531d000 	C:\WINDOWS\system32\KERNEL32.DLL
0x00007ff842fa0000 - 0x00007ff843188000 	C:\WINDOWS\system32\KERNELBASE.dll
0x00007ff844ba0000 - 0x00007ff844c47000 	C:\WINDOWS\system32\ADVAPI32.dll
0x00007ff843380000 - 0x00007ff84341d000 	C:\WINDOWS\system32\msvcrt.dll
0x00007ff845b60000 - 0x00007ff845bbb000 	C:\WINDOWS\system32\sechost.dll
0x00007ff8450a0000 - 0x00007ff8451bc000 	C:\WINDOWS\system32\RPCRT4.dll
0x00007ff844f40000 - 0x00007ff845096000 	C:\WINDOWS\system32\USER32.dll
0x00007ff844c50000 - 0x00007ff844dd6000 	C:\WINDOWS\system32\GDI32.dll
0x00007ff838a30000 - 0x00007ff838ca4000 	C:\WINDOWS\WinSxS\amd64_microsoft.windows.common-controls_6595b64144ccf1df_6.0.10586.0_none_8c15ae12515e1c22\COMCTL32.dll
0x00007ff845c30000 - 0x00007ff845ead000 	C:\WINDOWS\system32\combase.dll
0x00007ff843240000 - 0x00007ff8432aa000 	C:\WINDOWS\system32\bcryptPrimitives.dll
0x00007ff845410000 - 0x00007ff84544b000 	C:\WINDOWS\system32\IMM32.DLL
0x0000000060ea0000 - 0x0000000060f72000 	C:\Program Files\Java\jdk1.7.0_79\jre\bin\msvcr100.dll
0x00000000606c0000 - 0x0000000060e95000 	C:\Program Files\Java\jdk1.7.0_79\jre\bin\server\jvm.dll
0x00007ff845400000 - 0x00007ff845408000 	C:\WINDOWS\system32\PSAPI.DLL
0x00007ff8401b0000 - 0x00007ff8401b9000 	C:\WINDOWS\SYSTEM32\WSOCK32.dll
0x00007ff845390000 - 0x00007ff8453fb000 	C:\WINDOWS\system32\WS2_32.dll
0x00007ff838f50000 - 0x00007ff838f73000 	C:\WINDOWS\SYSTEM32\WINMM.dll
0x00007ff838e80000 - 0x00007ff838eac000 	C:\WINDOWS\SYSTEM32\WINMMBASE.dll
0x00007ff842560000 - 0x00007ff8425a3000 	C:\WINDOWS\system32\cfgmgr32.dll
0x00000000606b0000 - 0x00000000606bf000 	C:\Program Files\Java\jdk1.7.0_79\jre\bin\verify.dll
0x0000000060680000 - 0x00000000606a8000 	C:\Program Files\Java\jdk1.7.0_79\jre\bin\java.dll
0x0000000060660000 - 0x0000000060675000 	C:\Program Files\Java\jdk1.7.0_79\jre\bin\zip.dll
0x0000000060640000 - 0x000000006065a000 	C:\Program Files\Java\jdk1.7.0_79\jre\bin\net.dll
0x00007ff841da0000 - 0x00007ff841dfc000 	C:\WINDOWS\system32\mswsock.dll
0x0000000060620000 - 0x0000000060631000 	C:\Program Files\Java\jdk1.7.0_79\jre\bin\nio.dll

VM Arguments:
jvm_args: -Djava.awt.headless=true -Xmx1024M -Dfile.encoding=windows-1258 -Duser.country=US -Duser.language=en -Duser.variant 
java_command: com.android.dx.command.Main --dex --num-threads=4 --output E:\AndroidStudioProjects\Karaoke_Search\app\build\intermediates\pre-dexed\debug\internal_impl-23.1.1_f84026475561df07c89f6c0b9c99852abc713279.jar E:\AndroidStudioProjects\Karaoke_Search\app\build\intermediates\exploded-aar\com.android.support\support-v4\23.1.1\jars\libs\internal_impl-23.1.1.jar
Launcher Type: SUN_STANDARD

Environment Variables:
JAVA_HOME=C:\Program Files\Java\jdk1.7.0_79
PATH=C:\ProgramData\Oracle\Java\javapath;C:\WINDOWS\system32;C:\WINDOWS;C:\WINDOWS\System32\Wbem;C:\WINDOWS\System32\WindowsPowerShell\v1.0\;C:\Program Files (x86)\ATI Technologies\ATI.ACE\Core-Static;C:\Program Files\Java\jdk1.7.0_79\bin;.
USERNAME=hientran
OS=Windows_NT
PROCESSOR_IDENTIFIER=Intel64 Family 6 Model 42 Stepping 7, GenuineIntel



---------------  S Y S T E M  ---------------

OS: Windows 8.1 , 64 bit Build 9600 

CPU:total 4 (2 cores per cpu, 2 threads per core) family 6 model 42 stepping 7, cmov, cx8, fxsr, mmx, sse, sse2, sse3, ssse3, sse4.1, sse4.2, popcnt, avx, aes, ht, tsc, tscinvbit

Memory: 4k page, physical 4099972k(502084k free), swap 5529476k(5156k free)

vm_info: Java HotSpot(TM) 64-Bit Server VM (24.79-b02) for windows-amd64 JRE (1.7.0_79-b15), built on Apr 10 2015 12:36:16 by "java_re" with unknown MS VC++:1600

time: Thu Feb 04 23:32:51 2016
elapsed time: 8 seconds

