#
# There is insufficient memory for the Java Runtime Environment to continue.
# Native memory allocation (malloc) failed to allocate 1152016 bytes for Chunk::new
# Possible reasons:
#   The system is out of physical RAM or swap space
#   In 32 bit mode, the process size limit was hit
# Possible solutions:
#   Reduce memory load on the system
#   Increase physical memory or swap space
#   Check if swap backing store is full
#   Use 64 bit Java on a 64 bit OS
#   Decrease Java heap size (-Xmx/-Xms)
#   Decrease number of Java threads
#   Decrease Java thread stack sizes (-Xss)
#   Set larger code cache with -XX:ReservedCodeCacheSize=
# This output file may be truncated or incomplete.
#
#  Out of Memory Error (allocation.cpp:323), pid=3664, tid=6388
#
# JRE version: Java(TM) SE Runtime Environment (7.0_79-b15) (build 1.7.0_79-b15)
# Java VM: Java HotSpot(TM) 64-Bit Server VM (24.79-b02 mixed mode windows-amd64 compressed oops)
# Failed to write core dump. Minidumps are not enabled by default on client versions of Windows
#

---------------  T H R E A D  ---------------

Current thread (0x0000000008140000):  JavaThread "C2 CompilerThread1" daemon [_thread_in_native, id=6388, stack(0x00000000097b0000,0x00000000098b0000)]

Stack: [0x00000000097b0000,0x00000000098b0000]

Current CompileTask:
C2:   8859  504   !         com.android.dx.cf.code.BytecodeArray::parseInstruction (2764 bytes)


---------------  P R O C E S S  ---------------

Java Threads: ( => current thread )
  0x0000000009b47800 JavaThread "pool-1-thread-4" [_thread_in_vm, id=5328, stack(0x000000000a2b0000,0x000000000a3b0000)]
  0x0000000009b47000 JavaThread "pool-1-thread-3" [_thread_in_vm, id=3180, stack(0x000000000a1b0000,0x000000000a2b0000)]
  0x0000000009c98000 JavaThread "pool-1-thread-2" [_thread_blocked, id=6200, stack(0x000000000a0b0000,0x000000000a1b0000)]
  0x0000000009c97800 JavaThread "pool-2-thread-1" [_thread_blocked, id=3080, stack(0x0000000009fb0000,0x000000000a0b0000)]
  0x0000000009c9d000 JavaThread "pool-1-thread-1" [_thread_blocked, id=380, stack(0x0000000009eb0000,0x0000000009fb0000)]
  0x0000000008152000 JavaThread "Service Thread" daemon [_thread_blocked, id=5276, stack(0x00000000098b0000,0x00000000099b0000)]
=>0x0000000008140000 JavaThread "C2 CompilerThread1" daemon [_thread_in_native, id=6388, stack(0x00000000097b0000,0x00000000098b0000)]
  0x000000000813e000 JavaThread "C2 CompilerThread0" daemon [_thread_in_native, id=2416, stack(0x00000000096b0000,0x00000000097b0000)]
  0x000000000813d000 JavaThread "Attach Listener" daemon [_thread_blocked, id=4148, stack(0x00000000095b0000,0x00000000096b0000)]
  0x0000000008137800 JavaThread "Signal Dispatcher" daemon [_thread_blocked, id=6252, stack(0x00000000094b0000,0x00000000095b0000)]
  0x00000000080ff000 JavaThread "Finalizer" daemon [_thread_blocked, id=6052, stack(0x00000000093b0000,0x00000000094b0000)]
  0x00000000080f6000 JavaThread "Reference Handler" daemon [_thread_blocked, id=2704, stack(0x00000000092b0000,0x00000000093b0000)]
  0x000000000214d800 JavaThread "main" [_thread_in_vm, id=6296, stack(0x0000000001fe0000,0x00000000020e0000)]

Other Threads:
  0x00000000080f1000 VMThread [stack: 0x00000000091b0000,0x00000000092b0000] [id=4876]
  0x000000000815c800 WatcherThread [stack: 0x00000000099b0000,0x0000000009ab0000] [id=4264]

VM state:not at safepoint (normal execution)

VM Mutex/Monitor currently owned by a thread: None

Heap
 PSYoungGen      total 35328K, used 25759K [0x00000000eaa80000, 0x00000000ecf80000, 0x0000000100000000)
  eden space 32768K, 70% used [0x00000000eaa80000,0x00000000ec12a6f8,0x00000000eca80000)
  from space 2560K, 99% used [0x00000000ecd00000,0x00000000ecf7d658,0x00000000ecf80000)
  to   space 2560K, 0% used [0x00000000eca80000,0x00000000eca80000,0x00000000ecd00000)
 ParOldGen       total 42496K, used 14780K [0x00000000c0000000, 0x00000000c2980000, 0x00000000eaa80000)
  object space 42496K, 34% used [0x00000000c0000000,0x00000000c0e6f1c0,0x00000000c2980000)
 PSPermGen       total 21504K, used 5987K [0x00000000bae00000, 0x00000000bc300000, 0x00000000c0000000)
  object space 21504K, 27% used [0x00000000bae00000,0x00000000bb3d8eb8,0x00000000bc300000)

Card table byte_map: [0x0000000005360000,0x0000000005590000] byte_map_base: 0x0000000004d89000

Polling page: 0x0000000000510000

Code Cache  [0x00000000022a0000, 0x0000000002510000, 0x00000000052a0000)
 total_blobs=739 nmethods=502 adapters=189 free_code_cache=47203Kb largest_free_block=48292288

Compilation events (10 events):
Event: 8.758 Thread 0x000000000813e000 nmethod 502 0x000000000247b510 code [0x000000000247b660, 0x000000000247b7d8]
Event: 8.763 Thread 0x000000000813e000  503             com.android.dx.dex.code.RopToDop::dopFor (792 bytes)
Event: 8.772 Thread 0x0000000008140000 nmethod 501 0x00000000023bed90 code [0x00000000023befe0, 0x00000000023bfa30]
Event: 8.787 Thread 0x000000000813e000 nmethod 503 0x0000000002483e50 code [0x00000000024842e0, 0x0000000002484de0]
Event: 8.790 Thread 0x0000000008140000  504   !         com.android.dx.cf.code.BytecodeArray::parseInstruction (2764 bytes)
Event: 8.790 Thread 0x000000000813e000  505             com.android.dx.cf.attrib.AttCode::getCatches (5 bytes)
Event: 8.790 Thread 0x000000000813e000 nmethod 505 0x00000000023b0850 code [0x00000000023b0980, 0x00000000023b09d8]
Event: 8.790 Thread 0x000000000813e000  506             com.android.dx.cf.code.ConcreteMethod::getCatches (8 bytes)
Event: 8.791 Thread 0x000000000813e000 nmethod 506 0x000000000247e8d0 code [0x000000000247ea00, 0x000000000247ea78]
Event: 8.811 Thread 0x000000000813e000  507             com.android.dx.dex.cf.CfTranslator::translate0 (259 bytes)

GC Heap History (8 events):
Event: 3.460 GC heap before
{Heap before GC invocations=1 (full 0):
 PSYoungGen      total 18944K, used 16384K [0x00000000eaa80000, 0x00000000ebf80000, 0x0000000100000000)
  eden space 16384K, 100% used [0x00000000eaa80000,0x00000000eba80000,0x00000000eba80000)
  from space 2560K, 0% used [0x00000000ebd00000,0x00000000ebd00000,0x00000000ebf80000)
  to   space 2560K, 0% used [0x00000000eba80000,0x00000000eba80000,0x00000000ebd00000)
 ParOldGen       total 42496K, used 0K [0x00000000c0000000, 0x00000000c2980000, 0x00000000eaa80000)
  object space 42496K, 0% used [0x00000000c0000000,0x00000000c0000000,0x00000000c2980000)
 PSPermGen       total 21504K, used 5672K [0x00000000bae00000, 0x00000000bc300000, 0x00000000c0000000)
  object space 21504K, 26% used [0x00000000bae00000,0x00000000bb38a2e0,0x00000000bc300000)
Event: 3.498 GC heap after
Heap after GC invocations=1 (full 0):
 PSYoungGen      total 18944K, used 2554K [0x00000000eaa80000, 0x00000000ecf80000, 0x0000000100000000)
  eden space 16384K, 0% used [0x00000000eaa80000,0x00000000eaa80000,0x00000000eba80000)
  from space 2560K, 99% used [0x00000000eba80000,0x00000000ebcfeab8,0x00000000ebd00000)
  to   space 2560K, 0% used [0x00000000ecd00000,0x00000000ecd00000,0x00000000ecf80000)
 ParOldGen       total 42496K, used 1565K [0x00000000c0000000, 0x00000000c2980000, 0x00000000eaa80000)
  object space 42496K, 3% used [0x00000000c0000000,0x00000000c01876d0,0x00000000c2980000)
 PSPermGen       total 21504K, used 5672K [0x00000000bae00000, 0x00000000bc300000, 0x00000000c0000000)
  object space 21504K, 26% used [0x00000000bae00000,0x00000000bb38a2e0,0x00000000bc300000)
}
Event: 4.650 GC heap before
{Heap before GC invocations=2 (full 0):
 PSYoungGen      total 18944K, used 18938K [0x00000000eaa80000, 0x00000000ecf80000, 0x0000000100000000)
  eden space 16384K, 100% used [0x00000000eaa80000,0x00000000eba80000,0x00000000eba80000)
  from space 2560K, 99% used [0x00000000eba80000,0x00000000ebcfeab8,0x00000000ebd00000)
  to   space 2560K, 0% used [0x00000000ecd00000,0x00000000ecd00000,0x00000000ecf80000)
 ParOldGen       total 42496K, used 1565K [0x00000000c0000000, 0x00000000c2980000, 0x00000000eaa80000)
  object space 42496K, 3% used [0x00000000c0000000,0x00000000c01876d0,0x00000000c2980000)
 PSPermGen       total 21504K, used 5871K [0x00000000bae00000, 0x00000000bc300000, 0x00000000c0000000)
  object space 21504K, 27% used [0x00000000bae00000,0x00000000bb3bbc38,0x00000000bc300000)
Event: 4.864 GC heap after
Heap after GC invocations=2 (full 0):
 PSYoungGen      total 35328K, used 2538K [0x00000000eaa80000, 0x00000000ecf80000, 0x0000000100000000)
  eden space 32768K, 0% used [0x00000000eaa80000,0x00000000eaa80000,0x00000000eca80000)
  from space 2560K, 99% used [0x00000000ecd00000,0x00000000ecf7a970,0x00000000ecf80000)
  to   space 2560K, 0% used [0x00000000eca80000,0x00000000eca80000,0x00000000ecd00000)
 ParOldGen       total 42496K, used 4140K [0x00000000c0000000, 0x00000000c2980000, 0x00000000eaa80000)
  object space 42496K, 9% used [0x00000000c0000000,0x00000000c040b048,0x00000000c2980000)
 PSPermGen       total 21504K, used 5871K [0x00000000bae00000, 0x00000000bc300000, 0x00000000c0000000)
  object space 21504K, 27% used [0x00000000bae00000,0x00000000bb3bbc38,0x00000000bc300000)
}
Event: 6.921 GC heap before
{Heap before GC invocations=3 (full 0):
 PSYoungGen      total 35328K, used 35306K [0x00000000eaa80000, 0x00000000ecf80000, 0x0000000100000000)
  eden space 32768K, 100% used [0x00000000eaa80000,0x00000000eca80000,0x00000000eca80000)
  from space 2560K, 99% used [0x00000000ecd00000,0x00000000ecf7a970,0x00000000ecf80000)
  to   space 2560K, 0% used [0x00000000eca80000,0x00000000eca80000,0x00000000ecd00000)
 ParOldGen       total 42496K, used 4140K [0x00000000c0000000, 0x00000000c2980000, 0x00000000eaa80000)
  object space 42496K, 9% used [0x00000000c0000000,0x00000000c040b048,0x00000000c2980000)
 PSPermGen       total 21504K, used 5924K [0x00000000bae00000, 0x00000000bc300000, 0x00000000c0000000)
  object space 21504K, 27% used [0x00000000bae00000,0x00000000bb3c9170,0x00000000bc300000)
Event: 7.023 GC heap after
Heap after GC invocations=3 (full 0):
 PSYoungGen      total 35328K, used 2544K [0x00000000eaa80000, 0x00000000ecf80000, 0x0000000100000000)
  eden space 32768K, 0% used [0x00000000eaa80000,0x00000000eaa80000,0x00000000eca80000)
  from space 2560K, 99% used [0x00000000eca80000,0x00000000eccfc130,0x00000000ecd00000)
  to   space 2560K, 0% used [0x00000000ecd00000,0x00000000ecd00000,0x00000000ecf80000)
 ParOldGen       total 42496K, used 9176K [0x00000000c0000000, 0x00000000c2980000, 0x00000000eaa80000)
  object space 42496K, 21% used [0x00000000c0000000,0x00000000c08f6080,0x00000000c2980000)
 PSPermGen       total 21504K, used 5924K [0x00000000bae00000, 0x00000000bc300000, 0x00000000c0000000)
  object space 21504K, 27% used [0x00000000bae00000,0x00000000bb3c9170,0x00000000bc300000)
}
Event: 8.419 GC heap before
{Heap before GC invocations=4 (full 0):
 PSYoungGen      total 35328K, used 35312K [0x00000000eaa80000, 0x00000000ecf80000, 0x0000000100000000)
  eden space 32768K, 100% used [0x00000000eaa80000,0x00000000eca80000,0x00000000eca80000)
  from space 2560K, 99% used [0x00000000eca80000,0x00000000eccfc130,0x00000000ecd00000)
  to   space 2560K, 0% used [0x00000000ecd00000,0x00000000ecd00000,0x00000000ecf80000)
 ParOldGen       total 42496K, used 9176K [0x00000000c0000000, 0x00000000c2980000, 0x00000000eaa80000)
  object space 42496K, 21% used [0x00000000c0000000,0x00000000c08f6080,0x00000000c2980000)
 PSPermGen       total 21504K, used 5979K [0x00000000bae00000, 0x00000000bc300000, 0x00000000c0000000)
  object space 21504K, 27% used [0x00000000bae00000,0x00000000bb3d6e68,0x00000000bc300000)
Event: 8.435 GC heap after
Heap after GC invocations=4 (full 0):
 PSYoungGen      total 35328K, used 2549K [0x00000000eaa80000, 0x00000000ecf80000, 0x0000000100000000)
  eden space 32768K, 0% used [0x00000000eaa80000,0x00000000eaa80000,0x00000000eca80000)
  from space 2560K, 99% used [0x00000000ecd00000,0x00000000ecf7d658,0x00000000ecf80000)
  to   space 2560K, 0% used [0x00000000eca80000,0x00000000eca80000,0x00000000ecd00000)
 ParOldGen       total 42496K, used 14780K [0x00000000c0000000, 0x00000000c2980000, 0x00000000eaa80000)
  object space 42496K, 34% used [0x00000000c0000000,0x00000000c0e6f1c0,0x00000000c2980000)
 PSPermGen       total 21504K, used 5979K [0x00000000bae00000, 0x00000000bc300000, 0x00000000c0000000)
  object space 21504K, 27% used [0x00000000bae00000,0x00000000bb3d6e68,0x00000000bc300000)
}

Deoptimization events (10 events):
Event: 8.458 Thread 0x0000000009b47000 Uncommon trap: reason=bimorphic action=maybe_recompile pc=0x0000000002415830 method=com.android.dx.cf.code.RopperMachine.run(Lcom/android/dx/cf/code/Frame;II)V @ 988
Event: 8.500 Thread 0x000000000214d800 Uncommon trap: reason=class_check action=maybe_recompile pc=0x0000000002423d44 method=com.android.dx.ssa.SCCP.replaceConstants()V @ 127
Event: 8.502 Thread 0x000000000214d800 Uncommon trap: reason=class_check action=maybe_recompile pc=0x0000000002423d44 method=com.android.dx.ssa.SCCP.replaceConstants()V @ 127
Event: 8.724 Thread 0x0000000009b47000 Uncommon trap: reason=class_check action=maybe_recompile pc=0x0000000002423d44 method=com.android.dx.ssa.SCCP.replaceConstants()V @ 127
Event: 8.727 Thread 0x0000000009b47000 Uncommon trap: reason=class_check action=maybe_recompile pc=0x0000000002423d44 method=com.android.dx.ssa.SCCP.replaceConstants()V @ 127
Event: 8.754 Thread 0x000000000214d800 Uncommon trap: reason=class_check action=maybe_recompile pc=0x0000000002489a54 method=com.android.dx.cf.code.RopperMachine.run(Lcom/android/dx/cf/code/Frame;II)V @ 1024
Event: 8.782 Thread 0x000000000214d800 Uncommon trap: reason=bimorphic action=maybe_recompile pc=0x0000000002464f6c method=com.android.dx.cf.code.BytecodeArray.parseInstruction(ILcom/android/dx/cf/code/BytecodeArray$Visitor;)I @ 2484
Event: 8.782 Thread 0x000000000214d800 Uncommon trap: reason=bimorphic action=maybe_recompile pc=0x0000000002464f6c method=com.android.dx.cf.code.BytecodeArray.parseInstruction(ILcom/android/dx/cf/code/BytecodeArray$Visitor;)I @ 2484
Event: 8.783 Thread 0x000000000214d800 Uncommon trap: reason=bimorphic action=maybe_recompile pc=0x0000000002464f6c method=com.android.dx.cf.code.BytecodeArray.parseInstruction(ILcom/android/dx/cf/code/BytecodeArray$Visitor;)I @ 2484
Event: 8.783 Thread 0x000000000214d800 Uncommon trap: reason=bimorphic action=maybe_recompile pc=0x0000000002464f6c method=com.android.dx.cf.code.BytecodeArray.parseInstruction(ILcom/android/dx/cf/code/BytecodeArray$Visitor;)I @ 2484

Internal exceptions (10 events):
Event: 3.251 Thread 0x000000000214d800 Threw 0x00000000eb9464d8 at C:\re\jdk7u79\2331\hotspot\src\share\vm\prims\jvm.cpp:1304
Event: 6.620 Thread 0x0000000009b47800 Implicit null exception at 0x0000000002326418 to 0x0000000002326ded
Event: 7.076 Thread 0x000000000214d800 Threw 0x00000000eaabd1a8 at C:\re\jdk7u79\2331\hotspot\src\share\vm\prims\jvm.cpp:1304
Event: 7.076 Thread 0x000000000214d800 Threw 0x00000000eaabf5f8 at C:\re\jdk7u79\2331\hotspot\src\share\vm\prims\jvm.cpp:1304
Event: 7.078 Thread 0x000000000214d800 Threw 0x00000000eaad6760 at C:\re\jdk7u79\2331\hotspot\src\share\vm\prims\jvm.cpp:1304
Event: 7.079 Thread 0x000000000214d800 Threw 0x00000000eaad89c8 at C:\re\jdk7u79\2331\hotspot\src\share\vm\prims\jvm.cpp:1304
Event: 7.108 Thread 0x0000000009b47000 Threw 0x00000000eadf46a8 at C:\re\jdk7u79\2331\hotspot\src\share\vm\prims\jvm.cpp:1304
Event: 7.109 Thread 0x0000000009b47000 Threw 0x00000000eadf9cb8 at C:\re\jdk7u79\2331\hotspot\src\share\vm\prims\jvm.cpp:1304
Event: 7.110 Thread 0x0000000009b47000 Threw 0x00000000eadfef80 at C:\re\jdk7u79\2331\hotspot\src\share\vm\prims\jvm.cpp:1304
Event: 8.303 Thread 0x0000000009b47800 Threw 0x00000000ec4d3aa0 at C:\re\jdk7u79\2331\hotspot\src\share\vm\prims\jvm.cpp:1304

Events (10 events):
Event: 8.782 Thread 0x000000000214d800 DEOPT UNPACKING pc=0x00000000022d75a4 sp=0x00000000020de478 mode 2
Event: 8.782 Thread 0x000000000214d800 Uncommon trap: trap_request=0xffffffc6 fr.pc=0x0000000002464f6c
Event: 8.782 Thread 0x000000000214d800 DEOPT PACKING pc=0x0000000002464f6c sp=0x00000000020de590
Event: 8.782 Thread 0x000000000214d800 DEOPT UNPACKING pc=0x00000000022d75a4 sp=0x00000000020de538 mode 2
Event: 8.783 Thread 0x000000000214d800 Uncommon trap: trap_request=0xffffffc6 fr.pc=0x0000000002464f6c
Event: 8.783 Thread 0x000000000214d800 DEOPT PACKING pc=0x0000000002464f6c sp=0x00000000020de4d0
Event: 8.783 Thread 0x000000000214d800 DEOPT UNPACKING pc=0x00000000022d75a4 sp=0x00000000020de478 mode 2
Event: 8.783 Thread 0x000000000214d800 Uncommon trap: trap_request=0xffffffc6 fr.pc=0x0000000002464f6c
Event: 8.783 Thread 0x000000000214d800 DEOPT PACKING pc=0x0000000002464f6c sp=0x00000000020de590
Event: 8.783 Thread 0x000000000214d800 DEOPT UNPACKING pc=0x00000000022d75a4 sp=0x00000000020de538 mode 2


Dynamic libraries:
0x00007ff66a530000 - 0x00007ff66a563000 	C:\Program Files\Java\jdk1.7.0_79\bin\java.exe
0x00007ff845eb0000 - 0x00007ff846071000 	C:\WINDOWS\SYSTEM32\ntdll.dll
0x00007ff845270000 - 0x00007ff84531d000 	C:\WINDOWS\system32\KERNEL32.DLL
0x00007ff842fa0000 - 0x00007ff843188000 	C:\WINDOWS\system32\KERNELBASE.dll
0x00007ff844ba0000 - 0x00007ff844c47000 	C:\WINDOWS\system32\ADVAPI32.dll
0x00007ff843380000 - 0x00007ff84341d000 	C:\WINDOWS\system32\msvcrt.dll
0x00007ff845b60000 - 0x00007ff845bbb000 	C:\WINDOWS\system32\sechost.dll
0x00007ff8450a0000 - 0x00007ff8451bc000 	C:\WINDOWS\system32\RPCRT4.dll
0x00007ff844f40000 - 0x00007ff845096000 	C:\WINDOWS\system32\USER32.dll
0x00007ff844c50000 - 0x00007ff844dd6000 	C:\WINDOWS\system32\GDI32.dll
0x00007ff838a30000 - 0x00007ff838ca4000 	C:\WINDOWS\WinSxS\amd64_microsoft.windows.common-controls_6595b64144ccf1df_6.0.10586.0_none_8c15ae12515e1c22\COMCTL32.dll
0x00007ff845c30000 - 0x00007ff845ead000 	C:\WINDOWS\system32\combase.dll
0x00007ff843240000 - 0x00007ff8432aa000 	C:\WINDOWS\system32\bcryptPrimitives.dll
0x00007ff845410000 - 0x00007ff84544b000 	C:\WINDOWS\system32\IMM32.DLL
0x0000000060ea0000 - 0x0000000060f72000 	C:\Program Files\Java\jdk1.7.0_79\jre\bin\msvcr100.dll
0x00000000606c0000 - 0x0000000060e95000 	C:\Program Files\Java\jdk1.7.0_79\jre\bin\server\jvm.dll
0x00007ff845400000 - 0x00007ff845408000 	C:\WINDOWS\system32\PSAPI.DLL
0x00007ff8401b0000 - 0x00007ff8401b9000 	C:\WINDOWS\SYSTEM32\WSOCK32.dll
0x00007ff845390000 - 0x00007ff8453fb000 	C:\WINDOWS\system32\WS2_32.dll
0x00007ff838f50000 - 0x00007ff838f73000 	C:\WINDOWS\SYSTEM32\WINMM.dll
0x00007ff838e80000 - 0x00007ff838eac000 	C:\WINDOWS\SYSTEM32\WINMMBASE.dll
0x00007ff842560000 - 0x00007ff8425a3000 	C:\WINDOWS\system32\cfgmgr32.dll
0x00000000606b0000 - 0x00000000606bf000 	C:\Program Files\Java\jdk1.7.0_79\jre\bin\verify.dll
0x0000000060680000 - 0x00000000606a8000 	C:\Program Files\Java\jdk1.7.0_79\jre\bin\java.dll
0x0000000060660000 - 0x0000000060675000 	C:\Program Files\Java\jdk1.7.0_79\jre\bin\zip.dll
0x0000000060640000 - 0x000000006065a000 	C:\Program Files\Java\jdk1.7.0_79\jre\bin\net.dll
0x00007ff841da0000 - 0x00007ff841dfc000 	C:\WINDOWS\system32\mswsock.dll
0x0000000060620000 - 0x0000000060631000 	C:\Program Files\Java\jdk1.7.0_79\jre\bin\nio.dll

VM Arguments:
jvm_args: -Djava.awt.headless=true -Xmx1024M -Dfile.encoding=windows-1258 -Duser.country=US -Duser.language=en -Duser.variant 
java_command: com.android.dx.command.Main --dex --num-threads=4 --output E:\AndroidStudioProjects\Karaoke_Search\app\build\intermediates\pre-dexed\debug\com.android.support-recyclerview-v7-23.1.1_5f37744c45dd33400170895a473515a81ef4ba60.jar E:\AndroidStudioProjects\Karaoke_Search\app\build\intermediates\exploded-aar\com.android.support\recyclerview-v7\23.1.1\jars\classes.jar
Launcher Type: SUN_STANDARD

Environment Variables:
JAVA_HOME=C:\Program Files\Java\jdk1.7.0_79
PATH=C:\ProgramData\Oracle\Java\javapath;C:\WINDOWS\system32;C:\WINDOWS;C:\WINDOWS\System32\Wbem;C:\WINDOWS\System32\WindowsPowerShell\v1.0\;C:\Program Files (x86)\ATI Technologies\ATI.ACE\Core-Static;C:\Program Files\Java\jdk1.7.0_79\bin;.
USERNAME=hientran
OS=Windows_NT
PROCESSOR_IDENTIFIER=Intel64 Family 6 Model 42 Stepping 7, GenuineIntel



---------------  S Y S T E M  ---------------

OS: Windows 8.1 , 64 bit Build 9600 

CPU:total 4 (2 cores per cpu, 2 threads per core) family 6 model 42 stepping 7, cmov, cx8, fxsr, mmx, sse, sse2, sse3, ssse3, sse4.1, sse4.2, popcnt, avx, aes, ht, tsc, tscinvbit

Memory: 4k page, physical 4099972k(487652k free), swap 5529476k(5320k free)

vm_info: Java HotSpot(TM) 64-Bit Server VM (24.79-b02) for windows-amd64 JRE (1.7.0_79-b15), built on Apr 10 2015 12:36:16 by "java_re" with unknown MS VC++:1600

time: Thu Feb 04 23:32:51 2016
elapsed time: 8 seconds

