#
# There is insufficient memory for the Java Runtime Environment to continue.
# Native memory allocation (malloc) failed to allocate 391216 bytes for Chunk::new
# Possible reasons:
#   The system is out of physical RAM or swap space
#   In 32 bit mode, the process size limit was hit
# Possible solutions:
#   Reduce memory load on the system
#   Increase physical memory or swap space
#   Check if swap backing store is full
#   Use 64 bit Java on a 64 bit OS
#   Decrease Java heap size (-Xmx/-Xms)
#   Decrease number of Java threads
#   Decrease Java thread stack sizes (-Xss)
#   Set larger code cache with -XX:ReservedCodeCacheSize=
# This output file may be truncated or incomplete.
#
#  Out of Memory Error (allocation.cpp:323), pid=5356, tid=3140
#
# JRE version: Java(TM) SE Runtime Environment (7.0_79-b15) (build 1.7.0_79-b15)
# Java VM: Java HotSpot(TM) 64-Bit Server VM (24.79-b02 mixed mode windows-amd64 compressed oops)
# Failed to write core dump. Minidumps are not enabled by default on client versions of Windows
#

---------------  T H R E A D  ---------------

Current thread (0x0000000008211800):  JavaThread "C2 CompilerThread0" daemon [_thread_in_native, id=3140, stack(0x0000000009780000,0x0000000009880000)]

Stack: [0x0000000009780000,0x0000000009880000]

Current CompileTask:
C2:   1576  200             com.android.dx.ssa.Dominators::run (506 bytes)


---------------  P R O C E S S  ---------------

Java Threads: ( => current thread )
  0x0000000009c20000 JavaThread "pool-2-thread-1" [_thread_blocked, id=1584, stack(0x000000000a080000,0x000000000a180000)]
  0x000000000827d800 JavaThread "pool-1-thread-1" [_thread_in_Java, id=5232, stack(0x0000000009f80000,0x000000000a080000)]
  0x000000000821d000 JavaThread "Service Thread" daemon [_thread_blocked, id=2212, stack(0x0000000009980000,0x0000000009a80000)]
  0x0000000008213000 JavaThread "C2 CompilerThread1" daemon [_thread_in_native, id=3444, stack(0x0000000009880000,0x0000000009980000)]
=>0x0000000008211800 JavaThread "C2 CompilerThread0" daemon [_thread_in_native, id=3140, stack(0x0000000009780000,0x0000000009880000)]
  0x0000000008210800 JavaThread "Attach Listener" daemon [_thread_blocked, id=4940, stack(0x0000000009680000,0x0000000009780000)]
  0x000000000820e000 JavaThread "Signal Dispatcher" daemon [_thread_blocked, id=7800, stack(0x0000000009580000,0x0000000009680000)]
  0x00000000081d1000 JavaThread "Finalizer" daemon [_thread_blocked, id=5592, stack(0x0000000009480000,0x0000000009580000)]
  0x00000000081c8000 JavaThread "Reference Handler" daemon [_thread_blocked, id=7292, stack(0x0000000009380000,0x0000000009480000)]
  0x000000000223d800 JavaThread "main" [_thread_blocked, id=7364, stack(0x00000000020a0000,0x00000000021a0000)]

Other Threads:
  0x00000000081c3000 VMThread [stack: 0x0000000009280000,0x0000000009380000] [id=2112]
  0x000000000823b800 WatcherThread [stack: 0x0000000009a80000,0x0000000009b80000] [id=6512]

VM state:not at safepoint (normal execution)

VM Mutex/Monitor currently owned by a thread: None

Heap
 PSYoungGen      total 28672K, used 7019K [0x00000000eaa80000, 0x00000000eca00000, 0x0000000100000000)
  eden space 25088K, 13% used [0x00000000eaa80000,0x00000000eaddfe58,0x00000000ec300000)
  from space 3584K, 99% used [0x00000000ec300000,0x00000000ec67adb0,0x00000000ec680000)
  to   space 3584K, 0% used [0x00000000ec680000,0x00000000ec680000,0x00000000eca00000)
 ParOldGen       total 64512K, used 3015K [0x00000000c0000000, 0x00000000c3f00000, 0x00000000eaa80000)
  object space 64512K, 4% used [0x00000000c0000000,0x00000000c02f1cb8,0x00000000c3f00000)
 PSPermGen       total 21504K, used 5393K [0x00000000bae00000, 0x00000000bc300000, 0x00000000c0000000)
  object space 21504K, 25% used [0x00000000bae00000,0x00000000bb344768,0x00000000bc300000)

Card table byte_map: [0x0000000005430000,0x0000000005660000] byte_map_base: 0x0000000004e59000

Polling page: 0x00000000001f0000

Code Cache  [0x0000000002370000, 0x00000000025e0000, 0x0000000005370000)
 total_blobs=415 nmethods=201 adapters=166 free_code_cache=48392Kb largest_free_block=49515712

Compilation events (10 events):
